*** Using Compiler 'V5.06 update 1 (build 61)', folder: 'D:\Keil_v5\ARM\ARMCC\Bin'
Build target 'TOUCH'
compiling key.c...
compiling PE4302.c...
compiling stm32f4xx_it.c...
compiling system_stm32f4xx.c...
compiling rng.c...
rng.h(9): warning:  #1-D: last line of file ends without a newline
   
rng.c(29): warning:  #1-D: last line of file ends without a newline
  }
rng.c: 2 warnings, 0 errors
compiling led.c...
compiling adc.c...
assembling startup_stm32f40_41xxx.s...
compiling spi.c...
compiling delay.c...
compiling KeyBoard.c...
..\HARDWARE\LCD\lcd.h(137): warning:  #1295-D: Deprecated declaration LCD_ShowMsg - give arg types
  void LCD_ShowMsg();
..\HARDWARE\KEYBOARD\KeyBoard.c(131): warning:  #223-D: function "printf" declared implicitly
  			printf("%d\n",key_return_c);
..\HARDWARE\KEYBOARD\KeyBoard.c: 2 warnings, 0 errors
compiling ADF4351.c...
compiling main.c...
..\HARDWARE\LCD\lcd.h(137): warning:  #1295-D: Deprecated declaration LCD_ShowMsg - give arg types
  void LCD_ShowMsg();
control.h(22): warning:  #1-D: last line of file ends without a newline
  #endif
rng.h(9): warning:  #1-D: last line of file ends without a newline
   
main.c(43): warning:  #1035-D: single-precision operand implicitly converted to double-precision
  	float delta = jizhun - 10 - 20 * log10(0.5 * Vpp); // ÒªË¥?õµ?dbÖµ
main.c(67): warning:  #47-D: incompatible redefinition of macro "STA_X" (declared at line 20 of "control.h")
  #define STA_X 80
main.c(121): warning:  #1035-D: single-precision operand implicitly converted to double-precision
  	float threshold = data[pos1] * 0.02;
main.c(215): warning:  #1035-D: single-precision operand implicitly converted to double-precision
  			unsigned char decay_db = cal_decay_value(0.001 * Vpp);
main.c(365): warning:  #167-D: argument of type "char *" is incompatible with parameter of type "u8 *"
  		LCD_ShowString(210,50,100,50,
OTE_FONTSIZE,temp_str);
main.c(403): warning:  #177-D: variable "keyboard_value" was declared but never referenced
  	uint8_t keyboard_value;
main.c: 9 warnings, 0 errors
compiling lcd.c...
..\HARDWARE\LCD\lcd.h(137): warning:  #1295-D: Deprecated declaration LCD_ShowMsg - give arg types
  void LCD_ShowMsg();
..\HARDWARE\LCD\lcd.c(2538): warning:  #177-D: variable "max_x" was declared but never referenced
  	u16 max_x = x_axis[0]-x_axis[2];
..\HARDWARE\LCD\lcd.c(2578): warning:  #177-D: variable "y" was declared but never referenced
  	int y=0;
..\HARDWARE\LCD\lcd.c: 3 warnings, 0 errors
compiling sys.c...
compiling usart.c...
compiling misc.c...
compiling stm32f4xx_gpio.c...
compiling stm32f4xx_syscfg.c...
compiling stm32f4xx_fsmc.c...
compiling stm32f4xx_exti.c...
compiling stm32f4xx_rcc.c...
compiling stm32f4xx_usart.c...
compiling stm32f4xx_adc.c...
compiling stm32f4xx_rng.c...
compiling stm32f4xx_tim.c...
linking...
Program Size: Code=39728 RO-data=6632 RW-data=148 ZI-data=3876  
FromELF: creating hex file...
"..\OBJ\TOUCH.axf" - 0 Error(s), 16 Warning(s).
Build Time Elapsed:  00:00:03
